Connecting to database specified by database.yml
Compiled jquery.js  (2ms)  (pid 38367)
Compiled jquery_ujs.js  (0ms)  (pid 38367)
Compiled home.js  (126ms)  (pid 38367)
Compiled leaves.js  (70ms)  (pid 38367)
Compiled messages.js  (52ms)  (pid 38367)
Compiled salary_details.js  (49ms)  (pid 38367)
Compiled tasks.js  (55ms)  (pid 38367)
Compiled application.js  (434ms)  (pid 38367)
Compiled home.css  (5ms)  (pid 38367)
Compiled leaves.css  (0ms)  (pid 38367)
Compiled main.css  (0ms)  (pid 38367)
Compiled messages.css  (0ms)  (pid 38367)
Compiled salary_details.css  (0ms)  (pid 38367)
Compiled scaffolds.css  (9ms)  (pid 38367)
Compiled tasks.css  (0ms)  (pid 38367)
Compiled application.css  (44ms)  (pid 38367)
Connecting to database specified by database.yml
Compiled jquery.js  (1ms)  (pid 38367)
Compiled jquery_ujs.js  (0ms)  (pid 38367)
Compiled home.js  (70ms)  (pid 38367)
Compiled leaves.js  (46ms)  (pid 38367)
Compiled messages.js  (49ms)  (pid 38367)
Compiled salary_details.js  (68ms)  (pid 38367)
Compiled tasks.js  (47ms)  (pid 38367)
Compiled application.js  (318ms)  (pid 38367)
Compiled home.css  (5ms)  (pid 38367)
Compiled leaves.css  (0ms)  (pid 38367)
Compiled main.css  (0ms)  (pid 38367)
Compiled messages.css  (0ms)  (pid 38367)
Compiled salary_details.css  (0ms)  (pid 38367)
Compiled scaffolds.css  (10ms)  (pid 38367)
Compiled tasks.css  (0ms)  (pid 38367)
Compiled application.css  (43ms)  (pid 38367)
Connecting to database specified by database.yml
Compiled jquery.js  (1ms)  (pid 73673)
Compiled jquery_ujs.js  (0ms)  (pid 73673)
Compiled home.js  (296ms)  (pid 73673)
Compiled leaves.js  (56ms)  (pid 73673)
Compiled messages.js  (55ms)  (pid 73673)
Compiled salary_details.js  (53ms)  (pid 73673)
Compiled tasks.js  (75ms)  (pid 73673)
Compiled application.js  (670ms)  (pid 73673)
Compiled home.css  (21ms)  (pid 73673)
Compiled leaves.css  (0ms)  (pid 73673)
Compiled main.css  (0ms)  (pid 73673)
Compiled messages.css  (0ms)  (pid 73673)
Compiled salary_details.css  (0ms)  (pid 73673)
Compiled scaffolds.css  (10ms)  (pid 73673)
Compiled tasks.css  (1ms)  (pid 73673)
Compiled application.css  (75ms)  (pid 73673)
Connecting to database specified by database.yml
Compiled jquery.js  (19ms)  (pid 73673)
Compiled jquery_ujs.js  (0ms)  (pid 73673)
Compiled home.js  (54ms)  (pid 73673)
Compiled leaves.js  (71ms)  (pid 73673)
Compiled messages.js  (47ms)  (pid 73673)
Compiled salary_details.js  (52ms)  (pid 73673)
Compiled tasks.js  (71ms)  (pid 73673)
Compiled application.js  (367ms)  (pid 73673)
Compiled home.css  (27ms)  (pid 73673)
Compiled leaves.css  (0ms)  (pid 73673)
Compiled main.css  (0ms)  (pid 73673)
Compiled messages.css  (0ms)  (pid 73673)
Compiled salary_details.css  (0ms)  (pid 73673)
Compiled scaffolds.css  (10ms)  (pid 73673)
Compiled tasks.css  (1ms)  (pid 73673)
Compiled application.css  (69ms)  (pid 73673)
Connecting to database specified by database.yml
Compiled jquery.js  (2ms)  (pid 74966)
Compiled jquery_ujs.js  (0ms)  (pid 74966)
Compiled home.js  (53ms)  (pid 74966)
Compiled leaves.js  (50ms)  (pid 74966)
Compiled messages.js  (47ms)  (pid 74966)
Compiled salary_details.js  (48ms)  (pid 74966)
Compiled tasks.js  (70ms)  (pid 74966)
Compiled application.js  (331ms)  (pid 74966)
Compiled home.css  (29ms)  (pid 74966)
Compiled leaves.css  (2ms)  (pid 74966)
Compiled main.css  (0ms)  (pid 74966)
Compiled messages.css  (1ms)  (pid 74966)
Compiled salary_details.css  (2ms)  (pid 74966)
Compiled scaffolds.css  (11ms)  (pid 74966)
Compiled tasks.css  (1ms)  (pid 74966)
Compiled application.css  (98ms)  (pid 74966)
Connecting to database specified by database.yml
Compiled jquery.js  (19ms)  (pid 74966)
Compiled jquery_ujs.js  (0ms)  (pid 74966)
Compiled home.js  (94ms)  (pid 74966)
Compiled leaves.js  (71ms)  (pid 74966)
Compiled messages.js  (50ms)  (pid 74966)
Compiled salary_details.js  (51ms)  (pid 74966)
Compiled tasks.js  (71ms)  (pid 74966)
Compiled application.js  (395ms)  (pid 74966)
Compiled home.css  (27ms)  (pid 74966)
Compiled leaves.css  (1ms)  (pid 74966)
Compiled main.css  (0ms)  (pid 74966)
Compiled messages.css  (1ms)  (pid 74966)
Compiled salary_details.css  (0ms)  (pid 74966)
Compiled scaffolds.css  (12ms)  (pid 74966)
Compiled tasks.css  (1ms)  (pid 74966)
Compiled application.css  (74ms)  (pid 74966)
Connecting to database specified by database.yml
Compiled jquery.js  (1ms)  (pid 80916)
Compiled jquery_ujs.js  (0ms)  (pid 80916)
Compiled home.js  (78ms)  (pid 80916)
Compiled leaves.js  (49ms)  (pid 80916)
Compiled messages.js  (51ms)  (pid 80916)
Compiled salary_details.js  (51ms)  (pid 80916)
Compiled tasks.js  (70ms)  (pid 80916)
Compiled application.js  (391ms)  (pid 80916)
Compiled home.css  (29ms)  (pid 80916)
Compiled leaves.css  (0ms)  (pid 80916)
Compiled main.css  (0ms)  (pid 80916)
Compiled messages.css  (1ms)  (pid 80916)
Compiled salary_details.css  (1ms)  (pid 80916)
Compiled scaffolds.css  (10ms)  (pid 80916)
Compiled tasks.css  (1ms)  (pid 80916)
Compiled application.css  (86ms)  (pid 80916)
Connecting to database specified by database.yml
Compiled jquery.js  (20ms)  (pid 80916)
Compiled jquery_ujs.js  (0ms)  (pid 80916)
Compiled home.js  (50ms)  (pid 80916)
Compiled leaves.js  (72ms)  (pid 80916)
Compiled messages.js  (50ms)  (pid 80916)
Compiled salary_details.js  (47ms)  (pid 80916)
Compiled tasks.js  (71ms)  (pid 80916)
Compiled application.js  (352ms)  (pid 80916)
Compiled home.css  (25ms)  (pid 80916)
Compiled leaves.css  (0ms)  (pid 80916)
Compiled main.css  (0ms)  (pid 80916)
Compiled messages.css  (0ms)  (pid 80916)
Compiled salary_details.css  (0ms)  (pid 80916)
Compiled scaffolds.css  (9ms)  (pid 80916)
Compiled tasks.css  (0ms)  (pid 80916)
Compiled application.css  (63ms)  (pid 80916)
